2024-06-02 21:04:16 - program - INFO - Using seed    : 24
2024-06-02 21:04:16 - program - INFO - Using device  : cuda
2024-06-02 21:04:17 - program - INFO - Data loaded   : CustomDataLoader
2024-06-02 21:04:17 - program - INFO - Model set up  : Yolov8n
2024-06-02 21:04:17 - program - INFO - Using loss    : YoloLoss
2024-06-02 21:04:17 - program - INFO - Using metrics : ['bbox_iou']
2024-06-02 21:04:18 - trainer - INFO -    epoch          : 1
2024-06-02 21:04:18 - trainer - INFO -    loss           : 0
2024-06-02 21:04:18 - trainer - INFO -    bbox_iou       : 0
2024-06-02 21:04:18 - trainer - INFO -    val_loss       : 16.178253173828125
2024-06-02 21:04:18 - trainer - INFO -    val_bbox_iou   : 0
2024-06-02 21:04:18 - trainer - INFO -    epoch          : 2
2024-06-02 21:04:18 - trainer - INFO -    loss           : 0
2024-06-02 21:04:18 - trainer - INFO -    bbox_iou       : 0
2024-06-02 21:04:18 - trainer - INFO -    val_loss       : 16.009132385253906
2024-06-02 21:04:18 - trainer - INFO -    val_bbox_iou   : 0
2024-06-02 21:04:19 - trainer - INFO -    epoch          : 3
2024-06-02 21:04:19 - trainer - INFO -    loss           : 0
2024-06-02 21:04:19 - trainer - INFO -    bbox_iou       : 0
2024-06-02 21:04:19 - trainer - INFO -    val_loss       : 16.174869537353516
2024-06-02 21:04:19 - trainer - INFO -    val_bbox_iou   : 0
2024-06-02 21:04:20 - trainer - INFO -    epoch          : 4
2024-06-02 21:04:20 - trainer - INFO -    loss           : 0
2024-06-02 21:04:20 - trainer - INFO -    bbox_iou       : 0
2024-06-02 21:04:20 - trainer - INFO -    val_loss       : 16.243045806884766
2024-06-02 21:04:20 - trainer - INFO -    val_bbox_iou   : 0
2024-06-02 21:04:20 - trainer - INFO -    epoch          : 5
2024-06-02 21:04:20 - trainer - INFO -    loss           : 0
2024-06-02 21:04:20 - trainer - INFO -    bbox_iou       : 0
2024-06-02 21:04:20 - trainer - INFO -    val_loss       : 16.704574584960938
2024-06-02 21:04:20 - trainer - INFO -    val_bbox_iou   : 0
2024-06-02 21:04:21 - trainer - INFO - Checkpoint saved: data/runs/models/object_detection/20240602_210416/ep5.pth ...
2024-06-02 21:04:21 - trainer - INFO -    epoch          : 6
2024-06-02 21:04:21 - trainer - INFO -    loss           : 0
2024-06-02 21:04:21 - trainer - INFO -    bbox_iou       : 0
2024-06-02 21:04:21 - trainer - INFO -    val_loss       : 16.83472442626953
2024-06-02 21:04:21 - trainer - INFO -    val_bbox_iou   : 0
2024-06-02 21:04:22 - trainer - INFO -    epoch          : 7
2024-06-02 21:04:22 - trainer - INFO -    loss           : 0
2024-06-02 21:04:22 - trainer - INFO -    bbox_iou       : 0
2024-06-02 21:04:22 - trainer - INFO -    val_loss       : 16.84956932067871
2024-06-02 21:04:22 - trainer - INFO -    val_bbox_iou   : 0
2024-06-02 21:04:23 - trainer - INFO -    epoch          : 8
2024-06-02 21:04:23 - trainer - INFO -    loss           : 0
2024-06-02 21:04:23 - trainer - INFO -    bbox_iou       : 0
2024-06-02 21:04:23 - trainer - INFO -    val_loss       : 15.703742980957031
2024-06-02 21:04:23 - trainer - INFO -    val_bbox_iou   : 0
2024-06-02 21:04:23 - trainer - INFO -    epoch          : 9
2024-06-02 21:04:23 - trainer - INFO -    loss           : 0
2024-06-02 21:04:23 - trainer - INFO -    bbox_iou       : 0
2024-06-02 21:04:23 - trainer - INFO -    val_loss       : 16.505165100097656
2024-06-02 21:04:23 - trainer - INFO -    val_bbox_iou   : 0
2024-06-02 21:04:24 - trainer - INFO -    epoch          : 10
2024-06-02 21:04:24 - trainer - INFO -    loss           : 0
2024-06-02 21:04:24 - trainer - INFO -    bbox_iou       : 0
2024-06-02 21:04:24 - trainer - INFO -    val_loss       : 15.38343334197998
2024-06-02 21:04:24 - trainer - INFO -    val_bbox_iou   : 0
2024-06-02 21:04:24 - trainer - INFO - Checkpoint saved: data/runs/models/object_detection/20240602_210416/ep10.pth ...
2024-06-02 21:04:24 - trainer - INFO - Best checkpoint saved: data/runs/models/object_detection/20240602_210416/model_best.pth ...
2024-06-02 21:04:25 - trainer - INFO -    epoch          : 11
2024-06-02 21:04:25 - trainer - INFO -    loss           : 0
2024-06-02 21:04:25 - trainer - INFO -    bbox_iou       : 0
2024-06-02 21:04:25 - trainer - INFO -    val_loss       : 17.488330841064453
2024-06-02 21:04:25 - trainer - INFO -    val_bbox_iou   : 0
2024-06-02 21:04:26 - trainer - INFO -    epoch          : 12
2024-06-02 21:04:26 - trainer - INFO -    loss           : 0
2024-06-02 21:04:26 - trainer - INFO -    bbox_iou       : 0
2024-06-02 21:04:26 - trainer - INFO -    val_loss       : 14.625402450561523
2024-06-02 21:04:26 - trainer - INFO -    val_bbox_iou   : 0
2024-06-02 21:04:26 - trainer - INFO -    epoch          : 13
2024-06-02 21:04:26 - trainer - INFO -    loss           : 0
2024-06-02 21:04:26 - trainer - INFO -    bbox_iou       : 0
2024-06-02 21:04:26 - trainer - INFO -    val_loss       : 15.797415733337402
2024-06-02 21:04:26 - trainer - INFO -    val_bbox_iou   : 0
2024-06-02 21:04:27 - trainer - INFO -    epoch          : 14
2024-06-02 21:04:27 - trainer - INFO -    loss           : 0
2024-06-02 21:04:27 - trainer - INFO -    bbox_iou       : 0
2024-06-02 21:04:27 - trainer - INFO -    val_loss       : 18.768108367919922
2024-06-02 21:04:27 - trainer - INFO -    val_bbox_iou   : 0
2024-06-02 21:04:28 - trainer - INFO -    epoch          : 15
2024-06-02 21:04:28 - trainer - INFO -    loss           : 0
2024-06-02 21:04:28 - trainer - INFO -    bbox_iou       : 0
2024-06-02 21:04:28 - trainer - INFO -    val_loss       : 17.065204620361328
2024-06-02 21:04:28 - trainer - INFO -    val_bbox_iou   : 0
2024-06-02 21:04:28 - trainer - INFO - Checkpoint saved: data/runs/models/object_detection/20240602_210416/ep15.pth ...
2024-06-02 21:04:29 - trainer - INFO -    epoch          : 16
2024-06-02 21:04:29 - trainer - INFO -    loss           : 0
2024-06-02 21:04:29 - trainer - INFO -    bbox_iou       : 0
2024-06-02 21:04:29 - trainer - INFO -    val_loss       : 13.544942855834961
2024-06-02 21:04:29 - trainer - INFO -    val_bbox_iou   : 0
2024-06-02 21:04:29 - trainer - INFO -    epoch          : 17
2024-06-02 21:04:29 - trainer - INFO -    loss           : 0
2024-06-02 21:04:29 - trainer - INFO -    bbox_iou       : 0
2024-06-02 21:04:29 - trainer - INFO -    val_loss       : 15.580474853515625
2024-06-02 21:04:29 - trainer - INFO -    val_bbox_iou   : 0
2024-06-02 21:04:30 - trainer - INFO -    epoch          : 18
2024-06-02 21:04:30 - trainer - INFO -    loss           : 0
2024-06-02 21:04:30 - trainer - INFO -    bbox_iou       : 0
2024-06-02 21:04:30 - trainer - INFO -    val_loss       : 14.605388641357422
2024-06-02 21:04:30 - trainer - INFO -    val_bbox_iou   : 0
2024-06-02 21:04:31 - trainer - INFO -    epoch          : 19
2024-06-02 21:04:31 - trainer - INFO -    loss           : 0
2024-06-02 21:04:31 - trainer - INFO -    bbox_iou       : 0
2024-06-02 21:04:31 - trainer - INFO -    val_loss       : 14.421304702758789
2024-06-02 21:04:31 - trainer - INFO -    val_bbox_iou   : 0
2024-06-02 21:04:31 - trainer - INFO -    epoch          : 20
2024-06-02 21:04:31 - trainer - INFO -    loss           : 0
2024-06-02 21:04:31 - trainer - INFO -    bbox_iou       : 0
2024-06-02 21:04:31 - trainer - INFO -    val_loss       : 15.517642974853516
2024-06-02 21:04:31 - trainer - INFO -    val_bbox_iou   : 0
2024-06-02 21:04:31 - trainer - INFO - Checkpoint saved: data/runs/models/object_detection/20240602_210416/ep20.pth ...
2024-06-02 21:04:32 - trainer - INFO -    epoch          : 21
2024-06-02 21:04:32 - trainer - INFO -    loss           : 0
2024-06-02 21:04:32 - trainer - INFO -    bbox_iou       : 0
2024-06-02 21:04:32 - trainer - INFO -    val_loss       : 13.820316314697266
2024-06-02 21:04:32 - trainer - INFO -    val_bbox_iou   : 0
2024-06-02 21:04:33 - trainer - INFO -    epoch          : 22
2024-06-02 21:04:33 - trainer - INFO -    loss           : 0
2024-06-02 21:04:33 - trainer - INFO -    bbox_iou       : 0
2024-06-02 21:04:33 - trainer - INFO -    val_loss       : 14.543038368225098
2024-06-02 21:04:33 - trainer - INFO -    val_bbox_iou   : 0
2024-06-02 21:04:34 - trainer - INFO -    epoch          : 23
2024-06-02 21:04:34 - trainer - INFO -    loss           : 0
2024-06-02 21:04:34 - trainer - INFO -    bbox_iou       : 0
2024-06-02 21:04:34 - trainer - INFO -    val_loss       : 16.473947525024414
2024-06-02 21:04:34 - trainer - INFO -    val_bbox_iou   : 0
2024-06-02 21:04:34 - trainer - INFO -    epoch          : 24
2024-06-02 21:04:34 - trainer - INFO -    loss           : 0
2024-06-02 21:04:34 - trainer - INFO -    bbox_iou       : 0
2024-06-02 21:04:34 - trainer - INFO -    val_loss       : 15.982137680053711
2024-06-02 21:04:34 - trainer - INFO -    val_bbox_iou   : 0
2024-06-02 21:04:35 - trainer - INFO -    epoch          : 25
2024-06-02 21:04:35 - trainer - INFO -    loss           : 0
2024-06-02 21:04:35 - trainer - INFO -    bbox_iou       : 0
2024-06-02 21:04:35 - trainer - INFO -    val_loss       : 15.811948776245117
2024-06-02 21:04:35 - trainer - INFO -    val_bbox_iou   : 0
2024-06-02 21:04:35 - trainer - INFO - Checkpoint saved: data/runs/models/object_detection/20240602_210416/ep25.pth ...
2024-06-02 21:04:36 - trainer - INFO -    epoch          : 26
2024-06-02 21:04:36 - trainer - INFO -    loss           : 0
2024-06-02 21:04:36 - trainer - INFO -    bbox_iou       : 0
2024-06-02 21:04:36 - trainer - INFO -    val_loss       : 15.648236274719238
2024-06-02 21:04:36 - trainer - INFO -    val_bbox_iou   : 0
2024-06-02 21:04:37 - trainer - INFO -    epoch          : 27
2024-06-02 21:04:37 - trainer - INFO -    loss           : 0
2024-06-02 21:04:37 - trainer - INFO -    bbox_iou       : 0
2024-06-02 21:04:37 - trainer - INFO -    val_loss       : 15.249829292297363
2024-06-02 21:04:37 - trainer - INFO -    val_bbox_iou   : 0
2024-06-02 21:04:37 - trainer - INFO - Validation performance didn't improve for 10 epochs. Training stops.
